# JRE version: OpenJDK Runtime Environment (17.0.11) (build 17.0.11+0--11852314)
# Java VM: OpenJDK 64-Bit Server VM (17.0.11+0--11852314, mixed mode, tiered, compressed oops, compressed class ptrs, g1 gc, windows-amd64)
GC Precious Log:
 CPUs: 8 total, 8 available
 Memory: 6030M
 Large Page Support: Disabled
 NUMA Support: Disabled
 Compressed Oops: Enabled (Zero based)
 Heap Region Size: 2M
 Heap Min Capacity: 8M
 Heap Initial Capacity: 96M
 Heap Max Capacity: 4G
 Pre-touch: Disabled
 Parallel Workers: 8
 Concurrent Workers: 2
 Concurrent Refinement Workers: 8
 Periodic GC: Disabled
Heap:
 garbage-first heap   total 575488K, used 204181K [0x0000000700000000, 0x0000000800000000)
  region size 2048K, 6 young (12288K), 6 survivors (12288K)
 Metaspace       used 168298K, committed 169344K, reserved 622592K
  class space    used 22587K, committed 23104K, reserved 425984K
GC Heap History (20 events):
Event: 57.165 GC heap after
{Heap after GC invocations=49 (full 0):
 garbage-first heap   total 479232K, used 148458K [0x0000000700000000, 0x0000000800000000)
  region size 2048K, 8 young (16384K), 8 survivors (16384K)
 Metaspace       used 129875K, committed 130560K, reserved 557056K
  class space    used 17535K, committed 17856K, reserved 425984K
}
Event: 65.373 GC heap before
{Heap before GC invocations=49 (full 0):
 garbage-first heap   total 479232K, used 343018K [0x0000000700000000, 0x0000000800000000)
  region size 2048K, 103 young (210944K), 8 survivors (16384K)
 Metaspace       used 139224K, committed 140096K, reserved 557056K
  class space    used 18894K, committed 19328K, reserved 425984K
}
Event: 65.563 GC heap after
{Heap after GC invocations=50 (full 0):
 garbage-first heap   total 479232K, used 168503K [0x0000000700000000, 0x0000000800000000)
  region size 2048K, 10 young (20480K), 10 survivors (20480K)
 Metaspace       used 139224K, committed 140096K, reserved 557056K
  class space    used 18894K, committed 19328K, reserved 425984K
}
Event: 70.731 GC heap before
{Heap before GC invocations=50 (full 0):
 garbage-first heap   total 479232K, used 334391K [0x0000000700000000, 0x0000000800000000)
  region size 2048K, 92 young (188416K), 10 survivors (20480K)
 Metaspace       used 149378K, committed 150208K, reserved 557056K
  class space    used 20530K, committed 20928K, reserved 425984K
}
Event: 70.792 GC heap after
{Heap after GC invocations=51 (full 0):
 garbage-first heap   total 575488K, used 170244K [0x0000000700000000, 0x0000000800000000)
  region size 2048K, 6 young (12288K), 6 survivors (12288K)
 Metaspace       used 149378K, committed 150208K, reserved 557056K
  class space    used 20530K, committed 20928K, reserved 425984K
}
Event: 75.061 GC heap before
{Heap before GC invocations=51 (full 0):
 garbage-first heap   total 575488K, used 313604K [0x0000000700000000, 0x0000000800000000)
  region size 2048K, 36 young (73728K), 6 survivors (12288K)
 Metaspace       used 151891K, committed 152768K, reserved 622592K
  class space    used 20820K, committed 21248K, reserved 425984K
}
Event: 75.116 GC heap after
{Heap after GC invocations=52 (full 0):
 garbage-first heap   total 575488K, used 191438K [0x0000000700000000, 0x0000000800000000)
  region size 2048K, 3 young (6144K), 3 survivors (6144K)
 Metaspace       used 151891K, committed 152768K, reserved 622592K
  class space    used 20820K, committed 21248K, reserved 425984K
}
Event: 75.250 GC heap before
{Heap before GC invocations=52 (full 0):
 garbage-first heap   total 575488K, used 265166K [0x0000000700000000, 0x0000000800000000)
  region size 2048K, 4 young (8192K), 3 survivors (6144K)
 Metaspace       used 151891K, committed 152768K, reserved 622592K
  class space    used 20820K, committed 21248K, reserved 425984K
}
Event: 75.261 GC heap after
{Heap after GC invocations=53 (full 0):
 garbage-first heap   total 575488K, used 191016K [0x0000000700000000, 0x0000000800000000)
  region size 2048K, 3 young (6144K), 3 survivors (6144K)
 Metaspace       used 151891K, committed 152768K, reserved 622592K
  class space    used 20820K, committed 21248K, reserved 425984K
}
Event: 75.347 GC heap before
{Heap before GC invocations=53 (full 0):
 garbage-first heap   total 575488K, used 254504K [0x0000000700000000, 0x0000000800000000)
  region size 2048K, 4 young (8192K), 3 survivors (6144K)
 Metaspace       used 151891K, committed 152768K, reserved 622592K
  class space    used 20820K, committed 21248K, reserved 425984K
}
Event: 75.361 GC heap after
{Heap after GC invocations=54 (full 0):
 garbage-first heap   total 575488K, used 190975K [0x0000000700000000, 0x0000000800000000)
  region size 2048K, 3 young (6144K), 3 survivors (6144K)
 Metaspace       used 151891K, committed 152768K, reserved 622592K
  class space    used 20820K, committed 21248K, reserved 425984K
}
Event: 75.437 GC heap before
{Heap before GC invocations=54 (full 0):
 garbage-first heap   total 575488K, used 246271K [0x0000000700000000, 0x0000000800000000)
  region size 2048K, 4 young (8192K), 3 survivors (6144K)
 Metaspace       used 151892K, committed 152768K, reserved 622592K
  class space    used 20820K, committed 21248K, reserved 425984K
}
Event: 75.446 GC heap after
{Heap after GC invocations=55 (full 0):
 garbage-first heap   total 575488K, used 190882K [0x0000000700000000, 0x0000000800000000)
  region size 2048K, 3 young (6144K), 3 survivors (6144K)
 Metaspace       used 151892K, committed 152768K, reserved 622592K
  class space    used 20820K, committed 21248K, reserved 425984K
}
Event: 1139.554 GC heap before
{Heap before GC invocations=55 (full 0):
 garbage-first heap   total 575488K, used 422306K [0x0000000700000000, 0x0000000800000000)
  region size 2048K, 94 young (192512K), 3 survivors (6144K)
 Metaspace       used 157803K, committed 158656K, reserved 622592K
  class space    used 21340K, committed 21760K, reserved 425984K
}
Event: 1139.902 GC heap after
{Heap after GC invocations=56 (full 0):
 garbage-first heap   total 575488K, used 171197K [0x0000000700000000, 0x0000000800000000)
  region size 2048K, 8 young (16384K), 8 survivors (16384K)
 Metaspace       used 157803K, committed 158656K, reserved 622592K
  class space    used 21340K, committed 21760K, reserved 425984K
}
Event: 1203.311 GC heap before
{Heap before GC invocations=56 (full 0):
 garbage-first heap   total 575488K, used 502973K [0x0000000700000000, 0x0000000800000000)
  region size 2048K, 153 young (313344K), 8 survivors (16384K)
 Metaspace       used 167805K, committed 168768K, reserved 622592K
  class space    used 22514K, committed 22976K, reserved 425984K
}
Event: 1203.741 GC heap after
{Heap after GC invocations=57 (full 0):
 garbage-first heap   total 575488K, used 192303K [0x0000000700000000, 0x0000000800000000)
  region size 2048K, 17 young (34816K), 17 survivors (34816K)
 Metaspace       used 167805K, committed 168768K, reserved 622592K
  class space    used 22514K, committed 22976K, reserved 425984K
}
Event: 1203.790 GC heap before
{Heap before GC invocations=57 (full 0):
 garbage-first heap   total 575488K, used 194351K [0x0000000700000000, 0x0000000800000000)
  region size 2048K, 18 young (36864K), 17 survivors (34816K)
 Metaspace       used 167811K, committed 168768K, reserved 622592K
  class space    used 22517K, committed 22976K, reserved 425984K
}
Event: 1204.086 GC heap after
{Heap after GC invocations=58 (full 0):
 garbage-first heap   total 575488K, used 194562K [0x0000000700000000, 0x0000000800000000)
  region size 2048K, 2 young (4096K), 2 survivors (4096K)
 Metaspace       used 167811K, committed 168768K, reserved 622592K
  class space    used 22517K, committed 22976K, reserved 425984K
}
Event: 1209.679 GC heap before
{Heap before GC invocations=58 (full 0):
 garbage-first heap   total 575488K, used 280578K [0x0000000700000000, 0x0000000800000000)
  region size 2048K, 44 young (90112K), 2 survivors (4096K)
 Metaspace       used 168298K, committed 169344K, reserved 622592K
  class space    used 22587K, committed 23104K, reserved 425984K
}

