# JRE version: OpenJDK Runtime Environment (17.0.11) (build 17.0.11+0--11852314)
# Java VM: OpenJDK 64-Bit Server VM (17.0.11+0--11852314, mixed mode, tiered, compressed oops, compressed class ptrs, g1 gc, windows-amd64)
GC Precious Log:
 CPUs: 8 total, 8 available
 Memory: 6030M
 Large Page Support: Disabled
 NUMA Support: Disabled
 Compressed Oops: Enabled (32-bit)
 Heap Region Size: 1M
 Heap Min Capacity: 8M
 Heap Initial Capacity: 96M
 Heap Max Capacity: 2G
 Pre-touch: Disabled
 Parallel Workers: 8
 Concurrent Workers: 2
 Concurrent Refinement Workers: 8
 Periodic GC: Disabled
Heap:
 garbage-first heap   total 68608K, used 49577K [0x0000000080000000, 0x0000000100000000)
  region size 1024K, 22 young (22528K), 2 survivors (2048K)
 Metaspace       used 44295K, committed 44736K, reserved 1114112K
  class space    used 5881K, committed 6080K, reserved 1048576K
GC Heap History (18 events):
Event: 2.316 GC heap before
{Heap before GC invocations=0 (full 0):
 garbage-first heap   total 98304K, used 26624K [0x0000000080000000, 0x0000000100000000)
  region size 1024K, 23 young (23552K), 0 survivors (0K)
 Metaspace       used 10525K, committed 10688K, reserved 1114112K
  class space    used 1092K, committed 1152K, reserved 1048576K
}
Event: 2.328 GC heap after
{Heap after GC invocations=1 (full 0):
 garbage-first heap   total 98304K, used 10820K [0x0000000080000000, 0x0000000100000000)
  region size 1024K, 3 young (3072K), 3 survivors (3072K)
 Metaspace       used 10525K, committed 10688K, reserved 1114112K
  class space    used 1092K, committed 1152K, reserved 1048576K
}
Event: 3.504 GC heap before
{Heap before GC invocations=1 (full 0):
 garbage-first heap   total 98304K, used 38468K [0x0000000080000000, 0x0000000100000000)
  region size 1024K, 30 young (30720K), 3 survivors (3072K)
 Metaspace       used 11479K, committed 11648K, reserved 1114112K
  class space    used 1197K, committed 1280K, reserved 1048576K
}
Event: 3.515 GC heap after
{Heap after GC invocations=2 (full 0):
 garbage-first heap   total 98304K, used 12957K [0x0000000080000000, 0x0000000100000000)
  region size 1024K, 3 young (3072K), 3 survivors (3072K)
 Metaspace       used 11479K, committed 11648K, reserved 1114112K
  class space    used 1197K, committed 1280K, reserved 1048576K
}
Event: 6.017 GC heap before
{Heap before GC invocations=2 (full 0):
 garbage-first heap   total 98304K, used 56989K [0x0000000080000000, 0x0000000100000000)
  region size 1024K, 47 young (48128K), 3 survivors (3072K)
 Metaspace       used 21283K, committed 21504K, reserved 1114112K
  class space    used 2525K, committed 2624K, reserved 1048576K
}
Event: 6.029 GC heap after
{Heap after GC invocations=3 (full 0):
 garbage-first heap   total 98304K, used 19181K [0x0000000080000000, 0x0000000100000000)
  region size 1024K, 7 young (7168K), 7 survivors (7168K)
 Metaspace       used 21283K, committed 21504K, reserved 1114112K
  class space    used 2525K, committed 2624K, reserved 1048576K
}
Event: 8.131 GC heap before
{Heap before GC invocations=4 (full 0):
 garbage-first heap   total 68608K, used 52973K [0x0000000080000000, 0x0000000100000000)
  region size 1024K, 40 young (40960K), 7 survivors (7168K)
 Metaspace       used 26248K, committed 26560K, reserved 1114112K
  class space    used 3390K, committed 3520K, reserved 1048576K
}
Event: 8.139 GC heap after
{Heap after GC invocations=5 (full 0):
 garbage-first heap   total 68608K, used 21302K [0x0000000080000000, 0x0000000100000000)
  region size 1024K, 3 young (3072K), 3 survivors (3072K)
 Metaspace       used 26248K, committed 26560K, reserved 1114112K
  class space    used 3390K, committed 3520K, reserved 1048576K
}
Event: 9.236 GC heap before
{Heap before GC invocations=5 (full 0):
 garbage-first heap   total 68608K, used 46902K [0x0000000080000000, 0x0000000100000000)
  region size 1024K, 29 young (29696K), 3 survivors (3072K)
 Metaspace       used 29975K, committed 30208K, reserved 1114112K
  class space    used 3995K, committed 4096K, reserved 1048576K
}
Event: 9.240 GC heap after
{Heap after GC invocations=6 (full 0):
 garbage-first heap   total 68608K, used 22567K [0x0000000080000000, 0x0000000100000000)
  region size 1024K, 4 young (4096K), 4 survivors (4096K)
 Metaspace       used 29975K, committed 30208K, reserved 1114112K
  class space    used 3995K, committed 4096K, reserved 1048576K
}
Event: 10.468 GC heap before
{Heap before GC invocations=6 (full 0):
 garbage-first heap   total 68608K, used 50215K [0x0000000080000000, 0x0000000100000000)
  region size 1024K, 31 young (31744K), 4 survivors (4096K)
 Metaspace       used 33397K, committed 33728K, reserved 1114112K
  class space    used 4549K, committed 4672K, reserved 1048576K
}
Event: 10.474 GC heap after
{Heap after GC invocations=7 (full 0):
 garbage-first heap   total 68608K, used 23977K [0x0000000080000000, 0x0000000100000000)
  region size 1024K, 3 young (3072K), 3 survivors (3072K)
 Metaspace       used 33397K, committed 33728K, reserved 1114112K
  class space    used 4549K, committed 4672K, reserved 1048576K
}
Event: 11.159 GC heap before
{Heap before GC invocations=7 (full 0):
 garbage-first heap   total 68608K, used 35241K [0x0000000080000000, 0x0000000100000000)
  region size 1024K, 16 young (16384K), 3 survivors (3072K)
 Metaspace       used 35764K, committed 36096K, reserved 1114112K
  class space    used 4840K, committed 4992K, reserved 1048576K
}
Event: 11.165 GC heap after
{Heap after GC invocations=8 (full 0):
 garbage-first heap   total 68608K, used 25002K [0x0000000080000000, 0x0000000100000000)
  region size 1024K, 3 young (3072K), 3 survivors (3072K)
 Metaspace       used 35764K, committed 36096K, reserved 1114112K
  class space    used 4840K, committed 4992K, reserved 1048576K
}
Event: 12.233 GC heap before
{Heap before GC invocations=9 (full 0):
 garbage-first heap   total 68608K, used 50602K [0x0000000080000000, 0x0000000100000000)
  region size 1024K, 29 young (29696K), 3 survivors (3072K)
 Metaspace       used 40018K, committed 40448K, reserved 1114112K
  class space    used 5280K, committed 5504K, reserved 1048576K
}
Event: 12.241 GC heap after
{Heap after GC invocations=10 (full 0):
 garbage-first heap   total 68608K, used 28280K [0x0000000080000000, 0x0000000100000000)
  region size 1024K, 4 young (4096K), 4 survivors (4096K)
 Metaspace       used 40018K, committed 40448K, reserved 1114112K
  class space    used 5280K, committed 5504K, reserved 1048576K
}
Event: 12.805 GC heap before
{Heap before GC invocations=10 (full 0):
 garbage-first heap   total 68608K, used 52856K [0x0000000080000000, 0x0000000100000000)
  region size 1024K, 28 young (28672K), 4 survivors (4096K)
 Metaspace       used 41204K, committed 41600K, reserved 1114112K
  class space    used 5453K, committed 5632K, reserved 1048576K
}
Event: 12.811 GC heap after
{Heap after GC invocations=11 (full 0):
 garbage-first heap   total 68608K, used 29097K [0x0000000080000000, 0x0000000100000000)
  region size 1024K, 2 young (2048K), 2 survivors (2048K)
 Metaspace       used 41204K, committed 41600K, reserved 1114112K
  class space    used 5453K, committed 5632K, reserved 1048576K
}

