# JRE version: OpenJDK Runtime Environment (17.0.11) (build 17.0.11+0--11852314)
# Java VM: OpenJDK 64-Bit Server VM (17.0.11+0--11852314, mixed mode, tiered, compressed oops, compressed class ptrs, g1 gc, windows-amd64)
GC Precious Log:
 CPUs: 8 total, 8 available
 Memory: 6030M
 Large Page Support: Disabled
 NUMA Support: Disabled
 Compressed Oops: Enabled (Zero based)
 Heap Region Size: 2M
 Heap Min Capacity: 8M
 Heap Initial Capacity: 96M
 Heap Max Capacity: 4G
 Pre-touch: Disabled
 Parallel Workers: 8
 Concurrent Workers: 2
 Concurrent Refinement Workers: 8
 Periodic GC: Disabled
Heap:
 garbage-first heap   total 874496K, used 243320K [0x0000000700000000, 0x0000000800000000)
  region size 2048K, 1 young (2048K), 1 survivors (2048K)
 Metaspace       used 165704K, committed 166720K, reserved 622592K
  class space    used 21744K, committed 22272K, reserved 425984K
GC Heap History (20 events):
Event: 124.452 GC heap after
{Heap after GC invocations=72 (full 0):
 garbage-first heap   total 423936K, used 179108K [0x0000000700000000, 0x0000000800000000)
  region size 2048K, 2 young (4096K), 2 survivors (4096K)
 Metaspace       used 135447K, committed 136256K, reserved 557056K
  class space    used 18474K, committed 18880K, reserved 425984K
}
Event: 136.537 GC heap before
{Heap before GC invocations=72 (full 0):
 garbage-first heap   total 423936K, used 402340K [0x0000000700000000, 0x0000000800000000)
  region size 2048K, 77 young (157696K), 2 survivors (4096K)
 Metaspace       used 139262K, committed 140096K, reserved 557056K
  class space    used 18984K, committed 19392K, reserved 425984K
}
Event: 136.574 GC heap after
{Heap after GC invocations=73 (full 0):
 garbage-first heap   total 874496K, used 207755K [0x0000000700000000, 0x0000000800000000)
  region size 2048K, 3 young (6144K), 3 survivors (6144K)
 Metaspace       used 139262K, committed 140096K, reserved 557056K
  class space    used 18984K, committed 19392K, reserved 425984K
}
Event: 136.683 GC heap before
{Heap before GC invocations=73 (full 0):
 garbage-first heap   total 874496K, used 301963K [0x0000000700000000, 0x0000000800000000)
  region size 2048K, 5 young (10240K), 3 survivors (6144K)
 Metaspace       used 139262K, committed 140096K, reserved 557056K
  class space    used 18984K, committed 19392K, reserved 425984K
}
Event: 136.721 GC heap after
{Heap after GC invocations=74 (full 0):
 garbage-first heap   total 874496K, used 207907K [0x0000000700000000, 0x0000000800000000)
  region size 2048K, 3 young (6144K), 3 survivors (6144K)
 Metaspace       used 139262K, committed 140096K, reserved 557056K
  class space    used 18984K, committed 19392K, reserved 425984K
}
Event: 136.843 GC heap before
{Heap before GC invocations=74 (full 0):
 garbage-first heap   total 874496K, used 304163K [0x0000000700000000, 0x0000000800000000)
  region size 2048K, 5 young (10240K), 3 survivors (6144K)
 Metaspace       used 139262K, committed 140096K, reserved 557056K
  class space    used 18984K, committed 19392K, reserved 425984K
}
Event: 136.852 GC heap after
{Heap after GC invocations=75 (full 0):
 garbage-first heap   total 874496K, used 207853K [0x0000000700000000, 0x0000000800000000)
  region size 2048K, 3 young (6144K), 3 survivors (6144K)
 Metaspace       used 139262K, committed 140096K, reserved 557056K
  class space    used 18984K, committed 19392K, reserved 425984K
}
Event: 1695.302 GC heap before
{Heap before GC invocations=75 (full 0):
 garbage-first heap   total 874496K, used 517101K [0x0000000700000000, 0x0000000800000000)
  region size 2048K, 111 young (227328K), 3 survivors (6144K)
 Metaspace       used 145075K, committed 145984K, reserved 557056K
  class space    used 19496K, committed 19968K, reserved 425984K
}
Event: 1695.510 GC heap after
{Heap after GC invocations=76 (full 0):
 garbage-first heap   total 874496K, used 188198K [0x0000000700000000, 0x0000000800000000)
  region size 2048K, 7 young (14336K), 7 survivors (14336K)
 Metaspace       used 145075K, committed 145984K, reserved 557056K
  class space    used 19496K, committed 19968K, reserved 425984K
}
Event: 1764.832 GC heap before
{Heap before GC invocations=76 (full 0):
 garbage-first heap   total 874496K, used 739110K [0x0000000700000000, 0x0000000800000000)
  region size 2048K, 256 young (524288K), 7 survivors (14336K)
 Metaspace       used 158734K, committed 159744K, reserved 622592K
  class space    used 20989K, committed 21504K, reserved 425984K
}
Event: 1766.270 GC heap after
{Heap after GC invocations=77 (full 0):
 garbage-first heap   total 874496K, used 215569K [0x0000000700000000, 0x0000000800000000)
  region size 2048K, 19 young (38912K), 19 survivors (38912K)
 Metaspace       used 158734K, committed 159744K, reserved 622592K
  class space    used 20989K, committed 21504K, reserved 425984K
}
Event: 1766.694 GC heap before
{Heap before GC invocations=77 (full 0):
 garbage-first heap   total 874496K, used 219665K [0x0000000700000000, 0x0000000800000000)
  region size 2048K, 21 young (43008K), 19 survivors (38912K)
 Metaspace       used 158740K, committed 159744K, reserved 622592K
  class space    used 20990K, committed 21504K, reserved 425984K
}
Event: 1767.419 GC heap after
{Heap after GC invocations=78 (full 0):
 garbage-first heap   total 874496K, used 219498K [0x0000000700000000, 0x0000000800000000)
  region size 2048K, 3 young (6144K), 3 survivors (6144K)
 Metaspace       used 158740K, committed 159744K, reserved 622592K
  class space    used 20990K, committed 21504K, reserved 425984K
}
Event: 1770.576 GC heap before
{Heap before GC invocations=78 (full 0):
 garbage-first heap   total 874496K, used 256362K [0x0000000700000000, 0x0000000800000000)
  region size 2048K, 21 young (43008K), 3 survivors (6144K)
 Metaspace       used 158911K, committed 159936K, reserved 622592K
  class space    used 21010K, committed 21504K, reserved 425984K
}
Event: 1770.635 GC heap after
{Heap after GC invocations=79 (full 0):
 garbage-first heap   total 874496K, used 220568K [0x0000000700000000, 0x0000000800000000)
  region size 2048K, 3 young (6144K), 3 survivors (6144K)
 Metaspace       used 158911K, committed 159936K, reserved 622592K
  class space    used 21010K, committed 21504K, reserved 425984K
}
Event: 1773.514 GC heap before
{Heap before GC invocations=79 (full 0):
 garbage-first heap   total 874496K, used 259480K [0x0000000700000000, 0x0000000800000000)
  region size 2048K, 21 young (43008K), 3 survivors (6144K)
 Metaspace       used 159150K, committed 160192K, reserved 622592K
  class space    used 21054K, committed 21568K, reserved 425984K
}
Event: 1773.556 GC heap after
{Heap after GC invocations=80 (full 0):
 garbage-first heap   total 874496K, used 229937K [0x0000000700000000, 0x0000000800000000)
  region size 2048K, 3 young (6144K), 3 survivors (6144K)
 Metaspace       used 159150K, committed 160192K, reserved 622592K
  class space    used 21054K, committed 21568K, reserved 425984K
}
Event: 1774.851 GC heap before
{Heap before GC invocations=80 (full 0):
 garbage-first heap   total 874496K, used 264753K [0x0000000700000000, 0x0000000800000000)
  region size 2048K, 21 young (43008K), 3 survivors (6144K)
 Metaspace       used 159482K, committed 160512K, reserved 622592K
  class space    used 21067K, committed 21568K, reserved 425984K
}
Event: 1774.926 GC heap after
{Heap after GC invocations=81 (full 0):
 garbage-first heap   total 874496K, used 240850K [0x0000000700000000, 0x0000000800000000)
  region size 2048K, 3 young (6144K), 3 survivors (6144K)
 Metaspace       used 159482K, committed 160512K, reserved 622592K
  class space    used 21067K, committed 21568K, reserved 425984K
}
Event: 1776.974 GC heap before
{Heap before GC invocations=81 (full 0):
 garbage-first heap   total 874496K, used 279762K [0x0000000700000000, 0x0000000800000000)
  region size 2048K, 22 young (45056K), 3 survivors (6144K)
 Metaspace       used 165704K, committed 166720K, reserved 622592K
  class space    used 21744K, committed 22272K, reserved 425984K
}

