# JRE version: OpenJDK Runtime Environment (17.0.11) (build 17.0.11+0--11852314)
# Java VM: OpenJDK 64-Bit Server VM (17.0.11+0--11852314, mixed mode, tiered, compressed oops, compressed class ptrs, g1 gc, windows-amd64)
GC Precious Log:
 CPUs: 8 total, 8 available
 Memory: 6030M
 Large Page Support: Disabled
 NUMA Support: Disabled
 Compressed Oops: Enabled (32-bit)
 Heap Region Size: 1M
 Heap Min Capacity: 8M
 Heap Initial Capacity: 96M
 Heap Max Capacity: 2G
 Pre-touch: Disabled
 Parallel Workers: 8
 Concurrent Workers: 2
 Concurrent Refinement Workers: 8
 Periodic GC: Disabled
Heap:
 garbage-first heap   total 73728K, used 45958K [0x0000000080000000, 0x0000000100000000)
  region size 1024K, 3 young (3072K), 2 survivors (2048K)
 Metaspace       used 52675K, committed 53248K, reserved 1114112K
  class space    used 7178K, committed 7424K, reserved 1048576K
GC Heap History (20 events):
Event: 7.466 GC heap before
{Heap before GC invocations=6 (full 0):
 garbage-first heap   total 71680K, used 51521K [0x0000000080000000, 0x0000000100000000)
  region size 1024K, 32 young (32768K), 4 survivors (4096K)
 Metaspace       used 34270K, committed 34624K, reserved 1114112K
  class space    used 4680K, committed 4864K, reserved 1048576K
}
Event: 7.471 GC heap after
{Heap after GC invocations=7 (full 0):
 garbage-first heap   total 71680K, used 24221K [0x0000000080000000, 0x0000000100000000)
  region size 1024K, 3 young (3072K), 3 survivors (3072K)
 Metaspace       used 34270K, committed 34624K, reserved 1114112K
  class space    used 4680K, committed 4864K, reserved 1048576K
}
Event: 7.740 GC heap before
{Heap before GC invocations=7 (full 0):
 garbage-first heap   total 71680K, used 30365K [0x0000000080000000, 0x0000000100000000)
  region size 1024K, 11 young (11264K), 3 survivors (3072K)
 Metaspace       used 35649K, committed 35968K, reserved 1114112K
  class space    used 4833K, committed 4992K, reserved 1048576K
}
Event: 7.744 GC heap after
{Heap after GC invocations=8 (full 0):
 garbage-first heap   total 71680K, used 25508K [0x0000000080000000, 0x0000000100000000)
  region size 1024K, 3 young (3072K), 3 survivors (3072K)
 Metaspace       used 35649K, committed 35968K, reserved 1114112K
  class space    used 4833K, committed 4992K, reserved 1048576K
}
Event: 8.640 GC heap before
{Heap before GC invocations=9 (full 0):
 garbage-first heap   total 71680K, used 53156K [0x0000000080000000, 0x0000000100000000)
  region size 1024K, 31 young (31744K), 3 survivors (3072K)
 Metaspace       used 39975K, committed 40384K, reserved 1114112K
  class space    used 5277K, committed 5504K, reserved 1048576K
}
Event: 8.647 GC heap after
{Heap after GC invocations=10 (full 0):
 garbage-first heap   total 71680K, used 29213K [0x0000000080000000, 0x0000000100000000)
  region size 1024K, 4 young (4096K), 4 survivors (4096K)
 Metaspace       used 39975K, committed 40384K, reserved 1114112K
  class space    used 5277K, committed 5504K, reserved 1048576K
}
Event: 9.350 GC heap before
{Heap before GC invocations=10 (full 0):
 garbage-first heap   total 71680K, used 55837K [0x0000000080000000, 0x0000000100000000)
  region size 1024K, 29 young (29696K), 4 survivors (4096K)
 Metaspace       used 42041K, committed 42432K, reserved 1114112K
  class space    used 5499K, committed 5696K, reserved 1048576K
}
Event: 9.355 GC heap after
{Heap after GC invocations=11 (full 0):
 garbage-first heap   total 71680K, used 29750K [0x0000000080000000, 0x0000000100000000)
  region size 1024K, 2 young (2048K), 2 survivors (2048K)
 Metaspace       used 42041K, committed 42432K, reserved 1114112K
  class space    used 5499K, committed 5696K, reserved 1048576K
}
Event: 10.435 GC heap before
{Heap before GC invocations=11 (full 0):
 garbage-first heap   total 71680K, used 54326K [0x0000000080000000, 0x0000000100000000)
  region size 1024K, 27 young (27648K), 2 survivors (2048K)
 Metaspace       used 45123K, committed 45568K, reserved 1114112K
  class space    used 6035K, committed 6208K, reserved 1048576K
}
Event: 10.440 GC heap after
{Heap after GC invocations=12 (full 0):
 garbage-first heap   total 71680K, used 31583K [0x0000000080000000, 0x0000000100000000)
  region size 1024K, 4 young (4096K), 4 survivors (4096K)
 Metaspace       used 45123K, committed 45568K, reserved 1114112K
  class space    used 6035K, committed 6208K, reserved 1048576K
}
Event: 11.417 GC heap before
{Heap before GC invocations=12 (full 0):
 garbage-first heap   total 71680K, used 55135K [0x0000000080000000, 0x0000000100000000)
  region size 1024K, 27 young (27648K), 4 survivors (4096K)
 Metaspace       used 48183K, committed 48576K, reserved 1114112K
  class space    used 6545K, committed 6720K, reserved 1048576K
}
Event: 11.423 GC heap after
{Heap after GC invocations=13 (full 0):
 garbage-first heap   total 71680K, used 33046K [0x0000000080000000, 0x0000000100000000)
  region size 1024K, 4 young (4096K), 4 survivors (4096K)
 Metaspace       used 48183K, committed 48576K, reserved 1114112K
  class space    used 6545K, committed 6720K, reserved 1048576K
}
Event: 12.550 GC heap before
{Heap before GC invocations=13 (full 0):
 garbage-first heap   total 71680K, used 56598K [0x0000000080000000, 0x0000000100000000)
  region size 1024K, 27 young (27648K), 4 survivors (4096K)
 Metaspace       used 50888K, committed 51392K, reserved 1114112K
  class space    used 6952K, committed 7232K, reserved 1048576K
}
Event: 12.555 GC heap after
{Heap after GC invocations=14 (full 0):
 garbage-first heap   total 71680K, used 34163K [0x0000000080000000, 0x0000000100000000)
  region size 1024K, 3 young (3072K), 3 survivors (3072K)
 Metaspace       used 50888K, committed 51392K, reserved 1114112K
  class space    used 6952K, committed 7232K, reserved 1048576K
}
Event: 15.979 GC heap before
{Heap before GC invocations=14 (full 0):
 garbage-first heap   total 71680K, used 55667K [0x0000000080000000, 0x0000000100000000)
  region size 1024K, 25 young (25600K), 3 survivors (3072K)
 Metaspace       used 52319K, committed 52800K, reserved 1114112K
  class space    used 7134K, committed 7360K, reserved 1048576K
}
Event: 15.986 GC heap after
{Heap after GC invocations=15 (full 0):
 garbage-first heap   total 71680K, used 36892K [0x0000000080000000, 0x0000000100000000)
  region size 1024K, 4 young (4096K), 4 survivors (4096K)
 Metaspace       used 52319K, committed 52800K, reserved 1114112K
  class space    used 7134K, committed 7360K, reserved 1048576K
}
Event: 16.476 GC heap before
{Heap before GC invocations=16 (full 0):
 garbage-first heap   total 71680K, used 51228K [0x0000000080000000, 0x0000000100000000)
  region size 1024K, 20 young (20480K), 4 survivors (4096K)
 Metaspace       used 52662K, committed 53184K, reserved 1114112K
  class space    used 7177K, committed 7424K, reserved 1048576K
}
Event: 16.482 GC heap after
{Heap after GC invocations=17 (full 0):
 garbage-first heap   total 71680K, used 39320K [0x0000000080000000, 0x0000000100000000)
  region size 1024K, 3 young (3072K), 3 survivors (3072K)
 Metaspace       used 52662K, committed 53184K, reserved 1114112K
  class space    used 7177K, committed 7424K, reserved 1048576K
}
Event: 16.555 GC heap before
{Heap before GC invocations=18 (full 0):
 garbage-first heap   total 73728K, used 42392K [0x0000000080000000, 0x0000000100000000)
  region size 1024K, 5 young (5120K), 3 survivors (3072K)
 Metaspace       used 52662K, committed 53184K, reserved 1114112K
  class space    used 7177K, committed 7424K, reserved 1048576K
}
Event: 16.559 GC heap after
{Heap after GC invocations=19 (full 0):
 garbage-first heap   total 73728K, used 42886K [0x0000000080000000, 0x0000000100000000)
  region size 1024K, 2 young (2048K), 2 survivors (2048K)
 Metaspace       used 52662K, committed 53184K, reserved 1114112K
  class space    used 7177K, committed 7424K, reserved 1048576K
}

