# JRE version: OpenJDK Runtime Environment (17.0.11) (build 17.0.11+0--11852314)
# Java VM: OpenJDK 64-Bit Server VM (17.0.11+0--11852314, mixed mode, tiered, compressed oops, compressed class ptrs, g1 gc, windows-amd64)
GC Precious Log:
 CPUs: 8 total, 8 available
 Memory: 6030M
 Large Page Support: Disabled
 NUMA Support: Disabled
 Compressed Oops: Enabled (32-bit)
 Heap Region Size: 1M
 Heap Min Capacity: 8M
 Heap Initial Capacity: 96M
 Heap Max Capacity: 2G
 Pre-touch: Disabled
 Parallel Workers: 8
 Concurrent Workers: 2
 Concurrent Refinement Workers: 8
 Periodic GC: Disabled
Heap:
 garbage-first heap   total 68608K, used 31642K [0x0000000080000000, 0x0000000100000000)
  region size 1024K, 5 young (5120K), 2 survivors (2048K)
 Metaspace       used 41957K, committed 42432K, reserved 1114112K
  class space    used 5473K, committed 5696K, reserved 1048576K
GC Heap History (16 events):
Event: 2.113 GC heap before
{Heap before GC invocations=0 (full 0):
 garbage-first heap   total 98304K, used 26624K [0x0000000080000000, 0x0000000100000000)
  region size 1024K, 23 young (23552K), 0 survivors (0K)
 Metaspace       used 10523K, committed 10624K, reserved 1114112K
  class space    used 1092K, committed 1152K, reserved 1048576K
}
Event: 2.127 GC heap after
{Heap after GC invocations=1 (full 0):
 garbage-first heap   total 98304K, used 10468K [0x0000000080000000, 0x0000000100000000)
  region size 1024K, 3 young (3072K), 3 survivors (3072K)
 Metaspace       used 10523K, committed 10624K, reserved 1114112K
  class space    used 1092K, committed 1152K, reserved 1048576K
}
Event: 3.012 GC heap before
{Heap before GC invocations=1 (full 0):
 garbage-first heap   total 98304K, used 36068K [0x0000000080000000, 0x0000000100000000)
  region size 1024K, 28 young (28672K), 3 survivors (3072K)
 Metaspace       used 11468K, committed 11648K, reserved 1114112K
  class space    used 1197K, committed 1280K, reserved 1048576K
}
Event: 3.020 GC heap after
{Heap after GC invocations=2 (full 0):
 garbage-first heap   total 98304K, used 11438K [0x0000000080000000, 0x0000000100000000)
  region size 1024K, 1 young (1024K), 1 survivors (1024K)
 Metaspace       used 11468K, committed 11648K, reserved 1114112K
  class space    used 1197K, committed 1280K, reserved 1048576K
}
Event: 5.634 GC heap before
{Heap before GC invocations=2 (full 0):
 garbage-first heap   total 98304K, used 57518K [0x0000000080000000, 0x0000000100000000)
  region size 1024K, 46 young (47104K), 1 survivors (1024K)
 Metaspace       used 21286K, committed 21504K, reserved 1114112K
  class space    used 2525K, committed 2624K, reserved 1048576K
}
Event: 5.646 GC heap after
{Heap after GC invocations=3 (full 0):
 garbage-first heap   total 98304K, used 18777K [0x0000000080000000, 0x0000000100000000)
  region size 1024K, 7 young (7168K), 7 survivors (7168K)
 Metaspace       used 21286K, committed 21504K, reserved 1114112K
  class space    used 2525K, committed 2624K, reserved 1048576K
}
Event: 6.872 GC heap before
{Heap before GC invocations=4 (full 0):
 garbage-first heap   total 68608K, used 52569K [0x0000000080000000, 0x0000000100000000)
  region size 1024K, 40 young (40960K), 7 survivors (7168K)
 Metaspace       used 26241K, committed 26560K, reserved 1114112K
  class space    used 3389K, committed 3520K, reserved 1048576K
}
Event: 6.879 GC heap after
{Heap after GC invocations=5 (full 0):
 garbage-first heap   total 68608K, used 20774K [0x0000000080000000, 0x0000000100000000)
  region size 1024K, 3 young (3072K), 3 survivors (3072K)
 Metaspace       used 26241K, committed 26560K, reserved 1114112K
  class space    used 3389K, committed 3520K, reserved 1048576K
}
Event: 8.194 GC heap before
{Heap before GC invocations=5 (full 0):
 garbage-first heap   total 68608K, used 47398K [0x0000000080000000, 0x0000000100000000)
  region size 1024K, 29 young (29696K), 3 survivors (3072K)
 Metaspace       used 29954K, committed 30208K, reserved 1114112K
  class space    used 3993K, committed 4096K, reserved 1048576K
}
Event: 8.199 GC heap after
{Heap after GC invocations=6 (full 0):
 garbage-first heap   total 68608K, used 22154K [0x0000000080000000, 0x0000000100000000)
  region size 1024K, 4 young (4096K), 4 survivors (4096K)
 Metaspace       used 29954K, committed 30208K, reserved 1114112K
  class space    used 3993K, committed 4096K, reserved 1048576K
}
Event: 9.551 GC heap before
{Heap before GC invocations=6 (full 0):
 garbage-first heap   total 68608K, used 49802K [0x0000000080000000, 0x0000000100000000)
  region size 1024K, 31 young (31744K), 4 survivors (4096K)
 Metaspace       used 33367K, committed 33792K, reserved 1114112K
  class space    used 4548K, committed 4736K, reserved 1048576K
}
Event: 9.556 GC heap after
{Heap after GC invocations=7 (full 0):
 garbage-first heap   total 68608K, used 23431K [0x0000000080000000, 0x0000000100000000)
  region size 1024K, 3 young (3072K), 3 survivors (3072K)
 Metaspace       used 33367K, committed 33792K, reserved 1114112K
  class space    used 4548K, committed 4736K, reserved 1048576K
}
Event: 10.208 GC heap before
{Heap before GC invocations=7 (full 0):
 garbage-first heap   total 68608K, used 34695K [0x0000000080000000, 0x0000000100000000)
  region size 1024K, 16 young (16384K), 3 survivors (3072K)
 Metaspace       used 35658K, committed 35968K, reserved 1114112K
  class space    used 4835K, committed 4992K, reserved 1048576K
}
Event: 10.215 GC heap after
{Heap after GC invocations=8 (full 0):
 garbage-first heap   total 68608K, used 24849K [0x0000000080000000, 0x0000000100000000)
  region size 1024K, 3 young (3072K), 3 survivors (3072K)
 Metaspace       used 35658K, committed 35968K, reserved 1114112K
  class space    used 4835K, committed 4992K, reserved 1048576K
}
Event: 11.077 GC heap before
{Heap before GC invocations=9 (full 0):
 garbage-first heap   total 68608K, used 50449K [0x0000000080000000, 0x0000000100000000)
  region size 1024K, 29 young (29696K), 3 survivors (3072K)
 Metaspace       used 40001K, committed 40384K, reserved 1114112K
  class space    used 5279K, committed 5504K, reserved 1048576K
}
Event: 11.085 GC heap after
{Heap after GC invocations=10 (full 0):
 garbage-first heap   total 68608K, used 27910K [0x0000000080000000, 0x0000000100000000)
  region size 1024K, 4 young (4096K), 4 survivors (4096K)
 Metaspace       used 40001K, committed 40384K, reserved 1114112K
  class space    used 5279K, committed 5504K, reserved 1048576K
}

